[legalfirm.webflow.io/case-results.html]
[backblue.gif]
[fade.gif]
[index.html]
[assets.website-files.com/6446569e5406b315b7c26afb/css/legalfirm.webflow.39cc34e0b.min.css]
[ajax.googleapis.com/ajax/libs/webfont/1.6.26/webfont.js]
[assets.website-files.com/6446569e5406b315b7c26afb/64465776c008d91bb4b421ab_scale32x32.png]
[assets.website-files.com/6446569e5406b315b7c26afb/6446577f338a388d1ab5ebc7_scale256x256.png]
[legalfirm.webflow.io/index.html]
[legalfirm.webflow.io/practice-areas.html]
[legalfirm.webflow.io/contact.html]
[d3e54v103j8qbb.cloudfront.net/js/jquery-3.5.1.min.dc5e7f18c8cba6.js]
[legalfirm.webflow.io/case-results.html]
[assets.website-files.com/6446569e5406b315b7c26afb/css/legalfirm.webflow.39cc34e0b.min.css]
[assets.website-files.com/6446569e5406b315b7c26afb/js/webflow.cdf0e25c6.js]
[assets.website-files.com/6446569e5406b362dcc26b17/6448c4c08d7281dbfc391c89_woman-arms-crossing-in-a-suit-full.jpg]
[assets.website-files.com/6446569e5406b362dcc26b17/6448c748b3d4497d2e21370f_man-in-a-coat-serious-looking-full.jpg]
[assets.website-files.com/6446569e5406b362dcc26b17/6448c575e4a11c5bf5dce8f0_man-standing-in-a-coat-smiling-holding-both-hands-full.jpg]
[assets.website-files.com/6446569e5406b315b7c26afb/6466ff70a425fbd16661139f_man's grey and black shirt2.jpg]
[assets.website-files.com/6446569e5406b315b7c26afb/6466ff70f8bd115c5ea0e42e_woman-in-blue-and-white-floral-button-up-shirt.jpg]
[assets.website-files.com/6446569e5406b315b7c26afb/6466ff706529c3884b47c755_man wearing white V neck shirt2.jpg]
[assets.website-files.com/6446569e5406b362dcc26b17/6447d22ed649ef26d5ccc7f0_three  women  sitting  beside  table.jpg]
[assets.website-files.com/6446569e5406b362dcc26b17/6447d51f728d48349c37a0ac_man and woman sitting on table.jpg]
[legalfirm.webflow.io/index.html]
[legalfirm.webflow.io/practice-areas.html]
[legalfirm.webflow.io/contact.html]
[legalfirm.webflow.io/blog.html]
[assets.website-files.com/6446569e5406b362dcc26b17/6447cafad1b57dbfbd456dbd_person  using  laptop.jpg]
[assets.website-files.com/6446569e5406b362dcc26b17/644801816660f833451a9f36_man writing on paper.jpg]
[assets.website-files.com/6446569e5406b362dcc26b17/644800e4945d6b6b98778903_low angle photo of city high rise buildings during daytime.jpg]
[assets.website-files.com/6446569e5406b362dcc26b17/644802452b995dfb9433a130_black framed eyeglasses on white printing paper.jpg]
[legalfirm.webflow.io/blog.html]
[legalfirm.webflow.io/about-us.html]
[legalfirm.webflow.io/category/packages.html]
[legalfirm.webflow.io/checkout.html]
[legalfirm.webflow.io/lawyers.html]
[legalfirm.webflow.io/lawyers/steve-edwards.html]
[legalfirm.webflow.io/product/basic-package.html]
[legalfirm.webflow.io/post/the-impact-of-the-gig-economy.html]
[legalfirm.webflow.io/style-guide.html]
[legalfirm.webflow.io/instructions.html]
[legalfirm.webflow.io/licenses.html]
[legalfirm.webflow.io/changelog.html]
[legalfirm.webflow.io/404.html]
[legalfirm.webflow.io/lawyers/mary-johnson.html]
[legalfirm.webflow.io/lawyers/john-smith.html]
[legalfirm.webflow.io/post/estate-planning-for-small-business-owners.html]
[legalfirm.webflow.io/post/the-impact-of-social-media-to-the-society.html]
[legalfirm.webflow.io/post/explore-the-importance-of-having-a-will.html]
[legalfirm.webflow.io/post/the-legal-implications-of-self-driving-cars.html]
[legalfirm.webflow.io/post/the-benefits-of-mediation-for-divorce-cases.html]
